
> study-planner-frontend@1.0.0 start
> react-scripts start

(node:59179) [DEP0176] DeprecationWarning: fs.F_OK is deprecated, use fs.constants.F_OK instead
(Use `node --trace-deprecation ...` to show where the warning was created)
(node:59179) [DEP_WEBPACK_DEV_SERVER_ON_AFTER_SETUP_MIDDLEWARE] DeprecationWarning: 'onAfterSetupMiddleware' option is deprecated. Please use the 'setupMiddlewares' option.
(node:59179) [DEP_WEBPACK_DEV_SERVER_ON_BEFORE_SETUP_MIDDLEWARE] DeprecationWarning: 'onBeforeSetupMiddleware' option is deprecated. Please use the 'setupMiddlewares' option.
Starting the development server...

Compiled with warnings.

[eslint] 
src/pages/FileManager.js
  Line 3:49:  'Clock' is defined but never used  no-unused-vars

src/pages/PDFViewer.js
  Line 24:6:  React Hook useEffect has missing dependencies: 'loadFileInfo', 'loadPDF', and 'saveProgress'. Either include them or remove the dependency array  react-hooks/exhaustive-deps
  Line 30:6:  React Hook useEffect has a missing dependency: 'renderPage'. Either include it or remove the dependency array                                     react-hooks/exhaustive-deps
  Line 37:6:  React Hook useEffect has a missing dependency: 'saveProgress'. Either include it or remove the dependency array                                   react-hooks/exhaustive-deps

Search for the keywords to learn more about each warning.
To ignore, add // eslint-disable-next-line to the line before.

WARNING in [eslint] 
src/pages/FileManager.js
  Line 3:49:  'Clock' is defined but never used  no-unused-vars

src/pages/PDFViewer.js
  Line 24:6:  React Hook useEffect has missing dependencies: 'loadFileInfo', 'loadPDF', and 'saveProgress'. Either include them or remove the dependency array  react-hooks/exhaustive-deps
  Line 30:6:  React Hook useEffect has a missing dependency: 'renderPage'. Either include it or remove the dependency array                                     react-hooks/exhaustive-deps
  Line 37:6:  React Hook useEffect has a missing dependency: 'saveProgress'. Either include it or remove the dependency array                                   react-hooks/exhaustive-deps

webpack compiled with 1 warning
